12/09/22 (13:39:22) | ERROR: Exception while getting cpu frequency!
12/09/22 (13:39:22) | ERROR: [Errno 2] No such file or directory (originated from sysctlbyname('hw.cpufrequency'))
Traceback (most recent call last):
  File "/opt/homebrew/bin/bpytop", line 3080, in _collect
    if CONFIG.show_cpu_freq and hasattr(psutil.cpu_freq(), "current"):
  File "/opt/homebrew/Cellar/bpytop/1.0.68/libexec/lib/python3.10/site-packages/psutil/__init__.py", line 1859, in cpu_freq
    ret = _psplatform.cpu_freq()
  File "/opt/homebrew/Cellar/bpytop/1.0.68/libexec/lib/python3.10/site-packages/psutil/_psosx.py", line 180, in cpu_freq
    curr, min_, max_ = cext.cpu_freq()
FileNotFoundError: [Errno 2] No such file or directory (originated from sysctlbyname('hw.cpufrequency'))
14/09/22 (03:08:04) | ERROR: Exception while getting cpu frequency!
14/09/22 (03:08:04) | ERROR: [Errno 2] No such file or directory (originated from sysctlbyname('hw.cpufrequency'))
Traceback (most recent call last):
  File "/opt/homebrew/bin/bpytop", line 3080, in _collect
    if CONFIG.show_cpu_freq and hasattr(psutil.cpu_freq(), "current"):
  File "/opt/homebrew/Cellar/bpytop/1.0.68/libexec/lib/python3.10/site-packages/psutil/__init__.py", line 1859, in cpu_freq
    ret = _psplatform.cpu_freq()
  File "/opt/homebrew/Cellar/bpytop/1.0.68/libexec/lib/python3.10/site-packages/psutil/_psosx.py", line 180, in cpu_freq
    curr, min_, max_ = cext.cpu_freq()
FileNotFoundError: [Errno 2] No such file or directory (originated from sysctlbyname('hw.cpufrequency'))
14/09/22 (03:11:27) | WARNING: No theme named "tokyo-night" found!
14/09/22 (03:11:27) | ERROR: Exception while getting cpu frequency!
14/09/22 (03:11:27) | ERROR: [Errno 2] No such file or directory (originated from sysctlbyname('hw.cpufrequency'))
Traceback (most recent call last):
  File "/opt/homebrew/bin/bpytop", line 3080, in _collect
    if CONFIG.show_cpu_freq and hasattr(psutil.cpu_freq(), "current"):
  File "/opt/homebrew/Cellar/bpytop/1.0.68/libexec/lib/python3.10/site-packages/psutil/__init__.py", line 1859, in cpu_freq
    ret = _psplatform.cpu_freq()
  File "/opt/homebrew/Cellar/bpytop/1.0.68/libexec/lib/python3.10/site-packages/psutil/_psosx.py", line 180, in cpu_freq
    curr, min_, max_ = cext.cpu_freq()
FileNotFoundError: [Errno 2] No such file or directory (originated from sysctlbyname('hw.cpufrequency'))
14/09/22 (03:12:16) | ERROR: Exception while getting cpu frequency!
14/09/22 (03:12:16) | ERROR: [Errno 2] No such file or directory (originated from sysctlbyname('hw.cpufrequency'))
Traceback (most recent call last):
  File "/opt/homebrew/bin/bpytop", line 3080, in _collect
    if CONFIG.show_cpu_freq and hasattr(psutil.cpu_freq(), "current"):
  File "/opt/homebrew/Cellar/bpytop/1.0.68/libexec/lib/python3.10/site-packages/psutil/__init__.py", line 1859, in cpu_freq
    ret = _psplatform.cpu_freq()
  File "/opt/homebrew/Cellar/bpytop/1.0.68/libexec/lib/python3.10/site-packages/psutil/_psosx.py", line 180, in cpu_freq
    curr, min_, max_ = cext.cpu_freq()
FileNotFoundError: [Errno 2] No such file or directory (originated from sysctlbyname('hw.cpufrequency'))
14/09/22 (03:23:06) | ERROR: Exception while getting cpu frequency!
14/09/22 (03:23:06) | ERROR: [Errno 2] No such file or directory (originated from sysctlbyname('hw.cpufrequency'))
Traceback (most recent call last):
  File "/opt/homebrew/bin/bpytop", line 3080, in _collect
    if CONFIG.show_cpu_freq and hasattr(psutil.cpu_freq(), "current"):
  File "/opt/homebrew/Cellar/bpytop/1.0.68/libexec/lib/python3.10/site-packages/psutil/__init__.py", line 1859, in cpu_freq
    ret = _psplatform.cpu_freq()
  File "/opt/homebrew/Cellar/bpytop/1.0.68/libexec/lib/python3.10/site-packages/psutil/_psosx.py", line 180, in cpu_freq
    curr, min_, max_ = cext.cpu_freq()
FileNotFoundError: [Errno 2] No such file or directory (originated from sysctlbyname('hw.cpufrequency'))
14/09/22 (09:49:09) | ERROR: Exception while getting cpu frequency!
14/09/22 (09:49:09) | ERROR: [Errno 2] No such file or directory (originated from sysctlbyname('hw.cpufrequency'))
Traceback (most recent call last):
  File "/opt/homebrew/bin/bpytop", line 3080, in _collect
    if CONFIG.show_cpu_freq and hasattr(psutil.cpu_freq(), "current"):
  File "/opt/homebrew/Cellar/bpytop/1.0.68/libexec/lib/python3.10/site-packages/psutil/__init__.py", line 1859, in cpu_freq
    ret = _psplatform.cpu_freq()
  File "/opt/homebrew/Cellar/bpytop/1.0.68/libexec/lib/python3.10/site-packages/psutil/_psosx.py", line 180, in cpu_freq
    curr, min_, max_ = cext.cpu_freq()
FileNotFoundError: [Errno 2] No such file or directory (originated from sysctlbyname('hw.cpufrequency'))
